# JRE version: OpenJDK Runtime Environment Temurin-17.0.6+10 (17.0.6+10) (build 17.0.6+10)
# Java VM: OpenJDK 64-Bit Server VM Temurin-17.0.6+10 (17.0.6+10, mixed mode, emulated-client, sharing, tiered, compressed oops, compressed class ptrs, g1 gc, windows-amd64)
GC Precious Log:
 CPUs: 2 total, 2 available
 Memory: 3991M
 Large Page Support: Disabled
 NUMA Support: Disabled
 Compressed Oops: Enabled (32-bit)
 Heap Region Size: 1M
 Heap Min Capacity: 8M
 Heap Initial Capacity: 64M
 Heap Max Capacity: 998M
 Pre-touch: Disabled
 Parallel Workers: 2
 Concurrent Workers: 1
 Concurrent Refinement Workers: 2
 Periodic GC: Disabled
Heap:
 garbage-first heap   total 126976K, used 59057K [0x00000000c1a00000, 0x0000000100000000)
  region size 1024K, 3 young (3072K), 3 survivors (3072K)
 Metaspace       used 28416K, committed 28864K, reserved 1081344K
  class space    used 4072K, committed 4288K, reserved 1048576K
GC Heap History (20 events):
Event: 7.565 GC heap after
{Heap after GC invocations=6 (full 0):
 garbage-first heap   total 65536K, used 30634K [0x00000000c1a00000, 0x0000000100000000)
  region size 1024K, 2 young (2048K), 2 survivors (2048K)
 Metaspace       used 3282K, committed 3520K, reserved 1056768K
  class space    used 397K, committed 512K, reserved 1048576K
}
Event: 7.722 GC heap before
{Heap before GC invocations=6 (full 0):
 garbage-first heap   total 65536K, used 42922K [0x00000000c1a00000, 0x0000000100000000)
  region size 1024K, 14 young (14336K), 2 survivors (2048K)
 Metaspace       used 3282K, committed 3520K, reserved 1056768K
  class space    used 397K, committed 512K, reserved 1048576K
}
Event: 7.752 GC heap after
{Heap after GC invocations=7 (full 0):
 garbage-first heap   total 126976K, used 33792K [0x00000000c1a00000, 0x0000000100000000)
  region size 1024K, 2 young (2048K), 2 survivors (2048K)
 Metaspace       used 3282K, committed 3520K, reserved 1056768K
  class space    used 397K, committed 512K, reserved 1048576K
}
Event: 9.493 GC heap before
{Heap before GC invocations=7 (full 0):
 garbage-first heap   total 126976K, used 64512K [0x00000000c1a00000, 0x0000000100000000)
  region size 1024K, 30 young (30720K), 2 survivors (2048K)
 Metaspace       used 5844K, committed 6144K, reserved 1056768K
  class space    used 742K, committed 896K, reserved 1048576K
}
Event: 9.529 GC heap after
{Heap after GC invocations=8 (full 0):
 garbage-first heap   total 126976K, used 44032K [0x00000000c1a00000, 0x0000000100000000)
  region size 1024K, 4 young (4096K), 4 survivors (4096K)
 Metaspace       used 5844K, committed 6144K, reserved 1056768K
  class space    used 742K, committed 896K, reserved 1048576K
}
Event: 13.066 GC heap before
{Heap before GC invocations=8 (full 0):
 garbage-first heap   total 126976K, used 77824K [0x00000000c1a00000, 0x0000000100000000)
  region size 1024K, 37 young (37888K), 4 survivors (4096K)
 Metaspace       used 10186K, committed 10432K, reserved 1064960K
  class space    used 1301K, committed 1408K, reserved 1048576K
}
Event: 13.090 GC heap after
{Heap after GC invocations=9 (full 0):
 garbage-first heap   total 126976K, used 46755K [0x00000000c1a00000, 0x0000000100000000)
  region size 1024K, 3 young (3072K), 3 survivors (3072K)
 Metaspace       used 10186K, committed 10432K, reserved 1064960K
  class space    used 1301K, committed 1408K, reserved 1048576K
}
Event: 14.890 GC heap before
{Heap before GC invocations=9 (full 0):
 garbage-first heap   total 126976K, used 82595K [0x00000000c1a00000, 0x0000000100000000)
  region size 1024K, 38 young (38912K), 3 survivors (3072K)
 Metaspace       used 13052K, committed 13376K, reserved 1064960K
  class space    used 1784K, committed 1920K, reserved 1048576K
}
Event: 14.912 GC heap after
{Heap after GC invocations=10 (full 0):
 garbage-first heap   total 126976K, used 50013K [0x00000000c1a00000, 0x0000000100000000)
  region size 1024K, 5 young (5120K), 5 survivors (5120K)
 Metaspace       used 13052K, committed 13376K, reserved 1064960K
  class space    used 1784K, committed 1920K, reserved 1048576K
}
Event: 15.509 GC heap before
{Heap before GC invocations=10 (full 0):
 garbage-first heap   total 126976K, used 88925K [0x00000000c1a00000, 0x0000000100000000)
  region size 1024K, 44 young (45056K), 5 survivors (5120K)
 Metaspace       used 15921K, committed 16256K, reserved 1064960K
  class space    used 2175K, committed 2304K, reserved 1048576K
}
Event: 15.532 GC heap after
{Heap after GC invocations=11 (full 0):
 garbage-first heap   total 126976K, used 52966K [0x00000000c1a00000, 0x0000000100000000)
  region size 1024K, 6 young (6144K), 6 survivors (6144K)
 Metaspace       used 15921K, committed 16256K, reserved 1064960K
  class space    used 2175K, committed 2304K, reserved 1048576K
}
Event: 18.268 GC heap before
{Heap before GC invocations=11 (full 0):
 garbage-first heap   total 126976K, used 91878K [0x00000000c1a00000, 0x0000000100000000)
  region size 1024K, 45 young (46080K), 6 survivors (6144K)
 Metaspace       used 19581K, committed 19904K, reserved 1073152K
  class space    used 2601K, committed 2752K, reserved 1048576K
}
Event: 18.299 GC heap after
{Heap after GC invocations=12 (full 0):
 garbage-first heap   total 126976K, used 57235K [0x00000000c1a00000, 0x0000000100000000)
  region size 1024K, 6 young (6144K), 6 survivors (6144K)
 Metaspace       used 19581K, committed 19904K, reserved 1073152K
  class space    used 2601K, committed 2752K, reserved 1048576K
}
Event: 19.188 GC heap before
{Heap before GC invocations=12 (full 0):
 garbage-first heap   total 126976K, used 81811K [0x00000000c1a00000, 0x0000000100000000)
  region size 1024K, 32 young (32768K), 6 survivors (6144K)
 Metaspace       used 21208K, committed 21504K, reserved 1073152K
  class space    used 2844K, committed 3008K, reserved 1048576K
}
Event: 19.217 GC heap after
{Heap after GC invocations=13 (full 0):
 garbage-first heap   total 126976K, used 58805K [0x00000000c1a00000, 0x0000000100000000)
  region size 1024K, 2 young (2048K), 2 survivors (2048K)
 Metaspace       used 21208K, committed 21504K, reserved 1073152K
  class space    used 2844K, committed 3008K, reserved 1048576K
}
Event: 21.311 GC heap before
{Heap before GC invocations=14 (full 0):
 garbage-first heap   total 126976K, used 95669K [0x00000000c1a00000, 0x0000000100000000)
  region size 1024K, 40 young (40960K), 2 survivors (2048K)
 Metaspace       used 23639K, committed 24000K, reserved 1073152K
  class space    used 3180K, committed 3392K, reserved 1048576K
}
Event: 21.324 GC heap after
{Heap after GC invocations=15 (full 0):
 garbage-first heap   total 126976K, used 59057K [0x00000000c1a00000, 0x0000000100000000)
  region size 1024K, 4 young (4096K), 4 survivors (4096K)
 Metaspace       used 23639K, committed 24000K, reserved 1073152K
  class space    used 3180K, committed 3392K, reserved 1048576K
}
Event: 21.346 GC heap before
{Heap before GC invocations=15 (full 0):
 garbage-first heap   total 126976K, used 61105K [0x00000000c1a00000, 0x0000000100000000)
  region size 1024K, 6 young (6144K), 4 survivors (4096K)
 Metaspace       used 23753K, committed 24128K, reserved 1073152K
  class space    used 3194K, committed 3392K, reserved 1048576K
}
Event: 21.362 GC heap after
{Heap after GC invocations=16 (full 0):
 garbage-first heap   total 126976K, used 57513K [0x00000000c1a00000, 0x0000000100000000)
  region size 1024K, 1 young (1024K), 1 survivors (1024K)
 Metaspace       used 23753K, committed 24128K, reserved 1073152K
  class space    used 3194K, committed 3392K, reserved 1048576K
}
Event: 23.299 GC heap before
{Heap before GC invocations=16 (full 0):
 garbage-first heap   total 126976K, used 98473K [0x00000000c1a00000, 0x0000000100000000)
  region size 1024K, 42 young (43008K), 1 survivors (1024K)
 Metaspace       used 28416K, committed 28864K, reserved 1081344K
  class space    used 4072K, committed 4288K, reserved 1048576K
}

